# JRE version: OpenJDK Runtime Environment (11.0.13) (build 11.0.13+0-b1751.21-8125866)
# Java VM: OpenJDK 64-Bit Server VM (11.0.13+0-b1751.21-8125866, mixed mode, tiered, compressed oops, g1 gc, windows-amd64)
Heap:
 garbage-first heap   total 562176K, used 199899K [0x0000000080000000, 0x0000000100000000)
  region size 1024K, 3 young (3072K), 3 survivors (3072K)
 Metaspace       used 102090K, capacity 104855K, committed 105052K, reserved 1140736K
  class space    used 13225K, capacity 14251K, committed 14284K, reserved 1048576K
GC Heap History (20 events):
Event: 32.800 GC heap after
{Heap after GC invocations=46 (full 0):
 garbage-first heap   total 205824K, used 157170K [0x0000000080000000, 0x0000000100000000)
  region size 1024K, 3 young (3072K), 3 survivors (3072K)
 Metaspace       used 97149K, capacity 99601K, committed 99804K, reserved 1136640K
  class space    used 12631K, capacity 13557K, committed 13644K, reserved 1048576K
}
Event: 32.923 GC heap before
{Heap before GC invocations=46 (full 0):
 garbage-first heap   total 205824K, used 169458K [0x0000000080000000, 0x0000000100000000)
  region size 1024K, 15 young (15360K), 3 survivors (3072K)
 Metaspace       used 97164K, capacity 99601K, committed 99804K, reserved 1136640K
  class space    used 12631K, capacity 13557K, committed 13644K, reserved 1048576K
}
Event: 32.939 GC heap after
{Heap after GC invocations=47 (full 0):
 garbage-first heap   total 205824K, used 163752K [0x0000000080000000, 0x0000000100000000)
  region size 1024K, 2 young (2048K), 2 survivors (2048K)
 Metaspace       used 97164K, capacity 99601K, committed 99804K, reserved 1136640K
  class space    used 12631K, capacity 13557K, committed 13644K, reserved 1048576K
}
Event: 32.991 GC heap before
{Heap before GC invocations=47 (full 0):
 garbage-first heap   total 205824K, used 171944K [0x0000000080000000, 0x0000000100000000)
  region size 1024K, 11 young (11264K), 2 survivors (2048K)
 Metaspace       used 97173K, capacity 99666K, committed 99804K, reserved 1136640K
  class space    used 12631K, capacity 13557K, committed 13644K, reserved 1048576K
}
Event: 33.005 GC heap after
{Heap after GC invocations=48 (full 0):
 garbage-first heap   total 247808K, used 169130K [0x0000000080000000, 0x0000000100000000)
  region size 1024K, 2 young (2048K), 2 survivors (2048K)
 Metaspace       used 97173K, capacity 99666K, committed 99804K, reserved 1136640K
  class space    used 12631K, capacity 13557K, committed 13644K, reserved 1048576K
}
Event: 33.140 GC heap before
{Heap before GC invocations=49 (full 0):
 garbage-first heap   total 247808K, used 190634K [0x0000000080000000, 0x0000000100000000)
  region size 1024K, 23 young (23552K), 2 survivors (2048K)
 Metaspace       used 97191K, capacity 99667K, committed 99804K, reserved 1136640K
  class space    used 12631K, capacity 13557K, committed 13644K, reserved 1048576K
}
Event: 33.157 GC heap after
{Heap after GC invocations=50 (full 0):
 garbage-first heap   total 247808K, used 180069K [0x0000000080000000, 0x0000000100000000)
  region size 1024K, 3 young (3072K), 3 survivors (3072K)
 Metaspace       used 97191K, capacity 99667K, committed 99804K, reserved 1136640K
  class space    used 12631K, capacity 13557K, committed 13644K, reserved 1048576K
}
Event: 33.254 GC heap before
{Heap before GC invocations=50 (full 0):
 garbage-first heap   total 247808K, used 196453K [0x0000000080000000, 0x0000000100000000)
  region size 1024K, 20 young (20480K), 3 survivors (3072K)
 Metaspace       used 97199K, capacity 99670K, committed 99804K, reserved 1136640K
  class space    used 12631K, capacity 13557K, committed 13644K, reserved 1048576K
}
Event: 33.271 GC heap after
{Heap after GC invocations=51 (full 0):
 garbage-first heap   total 247808K, used 190272K [0x0000000080000000, 0x0000000100000000)
  region size 1024K, 3 young (3072K), 3 survivors (3072K)
 Metaspace       used 97199K, capacity 99670K, committed 99804K, reserved 1136640K
  class space    used 12631K, capacity 13557K, committed 13644K, reserved 1048576K
}
Event: 33.437 GC heap before
{Heap before GC invocations=51 (full 0):
 garbage-first heap   total 247808K, used 204608K [0x0000000080000000, 0x0000000100000000)
  region size 1024K, 17 young (17408K), 3 survivors (3072K)
 Metaspace       used 97223K, capacity 99670K, committed 99804K, reserved 1136640K
  class space    used 12631K, capacity 13557K, committed 13644K, reserved 1048576K
}
Event: 33.450 GC heap after
{Heap after GC invocations=52 (full 0):
 garbage-first heap   total 247808K, used 198070K [0x0000000080000000, 0x0000000100000000)
  region size 1024K, 3 young (3072K), 3 survivors (3072K)
 Metaspace       used 97223K, capacity 99670K, committed 99804K, reserved 1136640K
  class space    used 12631K, capacity 13557K, committed 13644K, reserved 1048576K
}
Event: 33.784 GC heap before
{Heap before GC invocations=52 (full 0):
 garbage-first heap   total 247808K, used 208310K [0x0000000080000000, 0x0000000100000000)
  region size 1024K, 13 young (13312K), 3 survivors (3072K)
 Metaspace       used 97517K, capacity 99912K, committed 100316K, reserved 1136640K
  class space    used 12643K, capacity 13533K, committed 13644K, reserved 1048576K
}
Event: 33.802 GC heap after
{Heap after GC invocations=53 (full 0):
 garbage-first heap   total 367616K, used 203309K [0x0000000080000000, 0x0000000100000000)
  region size 1024K, 2 young (2048K), 2 survivors (2048K)
 Metaspace       used 97517K, capacity 99912K, committed 100316K, reserved 1136640K
  class space    used 12643K, capacity 13533K, committed 13644K, reserved 1048576K
}
Event: 34.567 GC heap before
{Heap before GC invocations=54 (full 0):
 garbage-first heap   total 367616K, used 247341K [0x0000000080000000, 0x0000000100000000)
  region size 1024K, 46 young (47104K), 2 survivors (2048K)
 Metaspace       used 100358K, capacity 102969K, committed 103132K, reserved 1138688K
  class space    used 13036K, capacity 14018K, committed 14156K, reserved 1048576K
}
Event: 34.578 GC heap after
{Heap after GC invocations=55 (full 0):
 garbage-first heap   total 367616K, used 207872K [0x0000000080000000, 0x0000000100000000)
  region size 1024K, 6 young (6144K), 6 survivors (6144K)
 Metaspace       used 100358K, capacity 102969K, committed 103132K, reserved 1138688K
  class space    used 13036K, capacity 14018K, committed 14156K, reserved 1048576K
}
Event: 35.037 GC heap before
{Heap before GC invocations=55 (full 0):
 garbage-first heap   total 367616K, used 253952K [0x0000000080000000, 0x0000000100000000)
  region size 1024K, 52 young (53248K), 6 survivors (6144K)
 Metaspace       used 101050K, capacity 103682K, committed 103900K, reserved 1138688K
  class space    used 13112K, capacity 14102K, committed 14156K, reserved 1048576K
}
Event: 35.071 GC heap after
{Heap after GC invocations=56 (full 0):
 garbage-first heap   total 367616K, used 214168K [0x0000000080000000, 0x0000000100000000)
  region size 1024K, 7 young (7168K), 7 survivors (7168K)
 Metaspace       used 101050K, capacity 103682K, committed 103900K, reserved 1138688K
  class space    used 13112K, capacity 14102K, committed 14156K, reserved 1048576K
}
Event: 35.912 GC heap before
{Heap before GC invocations=57 (full 0):
 garbage-first heap   total 367616K, used 252056K [0x0000000080000000, 0x0000000100000000)
  region size 1024K, 55 young (56320K), 7 survivors (7168K)
 Metaspace       used 101926K, capacity 104685K, committed 104796K, reserved 1140736K
  class space    used 13211K, capacity 14216K, committed 14284K, reserved 1048576K
}
Event: 35.926 GC heap after
{Heap after GC invocations=58 (full 0):
 garbage-first heap   total 367616K, used 204589K [0x0000000080000000, 0x0000000100000000)
  region size 1024K, 3 young (3072K), 3 survivors (3072K)
 Metaspace       used 101926K, capacity 104685K, committed 104796K, reserved 1140736K
  class space    used 13211K, capacity 14216K, committed 14284K, reserved 1048576K
}
Event: 36.067 GC heap before
{Heap before GC invocations=58 (full 0):
 garbage-first heap   total 367616K, used 218925K [0x0000000080000000, 0x0000000100000000)
  region size 1024K, 17 young (17408K), 3 survivors (3072K)
 Metaspace       used 102090K, capacity 104855K, committed 105052K, reserved 1140736K
  class space    used 13225K, capacity 14251K, committed 14284K, reserved 1048576K
}

