# JRE version: OpenJDK Runtime Environment (11.0.13) (build 11.0.13+0-b1751.21-8125866)
# Java VM: OpenJDK 64-Bit Server VM (11.0.13+0-b1751.21-8125866, mixed mode, tiered, compressed oops, g1 gc, windows-amd64)
Heap:
 garbage-first heap   total 267264K, used 161411K [0x0000000080000000, 0x0000000100000000)
  region size 1024K, 2 young (2048K), 2 survivors (2048K)
 Metaspace       used 96976K, capacity 99455K, committed 99676K, reserved 1136640K
  class space    used 12606K, capacity 13511K, committed 13600K, reserved 1048576K
GC Heap History (20 events):
Event: 21.868 GC heap after
{Heap after GC invocations=28 (full 0):
 garbage-first heap   total 155648K, used 104837K [0x0000000080000000, 0x0000000100000000)
  region size 1024K, 4 young (4096K), 4 survivors (4096K)
 Metaspace       used 93223K, capacity 95496K, committed 96220K, reserved 1132544K
  class space    used 11932K, capacity 12725K, committed 12960K, reserved 1048576K
}
Event: 21.886 GC heap before
{Heap before GC invocations=28 (full 0):
 garbage-first heap   total 155648K, used 104837K [0x0000000080000000, 0x0000000100000000)
  region size 1024K, 6 young (6144K), 4 survivors (4096K)
 Metaspace       used 93331K, capacity 95592K, committed 96220K, reserved 1132544K
  class space    used 11946K, capacity 12757K, committed 12960K, reserved 1048576K
}
Event: 21.891 GC heap after
{Heap after GC invocations=29 (full 0):
 garbage-first heap   total 155648K, used 105244K [0x0000000080000000, 0x0000000100000000)
  region size 1024K, 1 young (1024K), 1 survivors (1024K)
 Metaspace       used 93331K, capacity 95592K, committed 96220K, reserved 1132544K
  class space    used 11946K, capacity 12757K, committed 12960K, reserved 1048576K
}
Event: 22.176 GC heap before
{Heap before GC invocations=30 (full 0):
 garbage-first heap   total 155648K, used 154396K [0x0000000080000000, 0x0000000100000000)
  region size 1024K, 22 young (22528K), 1 survivors (1024K)
 Metaspace       used 94331K, capacity 96600K, committed 97116K, reserved 1134592K
  class space    used 12091K, capacity 12906K, committed 13088K, reserved 1048576K
}
Event: 22.185 GC heap after
{Heap after GC invocations=31 (full 0):
 garbage-first heap   total 163840K, used 123508K [0x0000000080000000, 0x0000000100000000)
  region size 1024K, 3 young (3072K), 3 survivors (3072K)
 Metaspace       used 94331K, capacity 96600K, committed 97116K, reserved 1134592K
  class space    used 12091K, capacity 12906K, committed 13088K, reserved 1048576K
}
Event: 22.317 GC heap before
{Heap before GC invocations=31 (full 0):
 garbage-first heap   total 163840K, used 137844K [0x0000000080000000, 0x0000000100000000)
  region size 1024K, 17 young (17408K), 3 survivors (3072K)
 Metaspace       used 94419K, capacity 96732K, committed 97372K, reserved 1134592K
  class space    used 12097K, capacity 12907K, committed 13088K, reserved 1048576K
}
Event: 22.329 GC heap after
{Heap after GC invocations=32 (full 0):
 garbage-first heap   total 163840K, used 129542K [0x0000000080000000, 0x0000000100000000)
  region size 1024K, 3 young (3072K), 3 survivors (3072K)
 Metaspace       used 94419K, capacity 96732K, committed 97372K, reserved 1134592K
  class space    used 12097K, capacity 12907K, committed 13088K, reserved 1048576K
}
Event: 22.474 GC heap before
{Heap before GC invocations=32 (full 0):
 garbage-first heap   total 163840K, used 138758K [0x0000000080000000, 0x0000000100000000)
  region size 1024K, 12 young (12288K), 3 survivors (3072K)
 Metaspace       used 94425K, capacity 96732K, committed 97372K, reserved 1134592K
  class space    used 12097K, capacity 12907K, committed 13088K, reserved 1048576K
}
Event: 22.483 GC heap after
{Heap after GC invocations=33 (full 0):
 garbage-first heap   total 163840K, used 133571K [0x0000000080000000, 0x0000000100000000)
  region size 1024K, 2 young (2048K), 2 survivors (2048K)
 Metaspace       used 94425K, capacity 96732K, committed 97372K, reserved 1134592K
  class space    used 12097K, capacity 12907K, committed 13088K, reserved 1048576K
}
Event: 22.599 GC heap before
{Heap before GC invocations=34 (full 0):
 garbage-first heap   total 163840K, used 141763K [0x0000000080000000, 0x0000000100000000)
  region size 1024K, 9 young (9216K), 2 survivors (2048K)
 Metaspace       used 94483K, capacity 96746K, committed 97372K, reserved 1134592K
  class space    used 12107K, capacity 12912K, committed 13088K, reserved 1048576K
}
Event: 22.607 GC heap after
{Heap after GC invocations=35 (full 0):
 garbage-first heap   total 163840K, used 137563K [0x0000000080000000, 0x0000000100000000)
  region size 1024K, 2 young (2048K), 2 survivors (2048K)
 Metaspace       used 94483K, capacity 96746K, committed 97372K, reserved 1134592K
  class space    used 12107K, capacity 12912K, committed 13088K, reserved 1048576K
}
Event: 22.664 GC heap before
{Heap before GC invocations=35 (full 0):
 garbage-first heap   total 163840K, used 142683K [0x0000000080000000, 0x0000000100000000)
  region size 1024K, 8 young (8192K), 2 survivors (2048K)
 Metaspace       used 94483K, capacity 96746K, committed 97372K, reserved 1134592K
  class space    used 12107K, capacity 12912K, committed 13088K, reserved 1048576K
}
Event: 22.674 GC heap after
{Heap after GC invocations=36 (full 0):
 garbage-first heap   total 196608K, used 140137K [0x0000000080000000, 0x0000000100000000)
  region size 1024K, 1 young (1024K), 1 survivors (1024K)
 Metaspace       used 94483K, capacity 96746K, committed 97372K, reserved 1134592K
  class space    used 12107K, capacity 12912K, committed 13088K, reserved 1048576K
}
Event: 23.007 GC heap before
{Heap before GC invocations=37 (full 0):
 garbage-first heap   total 196608K, used 155497K [0x0000000080000000, 0x0000000100000000)
  region size 1024K, 15 young (15360K), 1 survivors (1024K)
 Metaspace       used 95900K, capacity 98232K, committed 98652K, reserved 1134592K
  class space    used 12448K, capacity 13286K, committed 13344K, reserved 1048576K
}
Event: 23.019 GC heap after
{Heap after GC invocations=38 (full 0):
 garbage-first heap   total 196608K, used 145877K [0x0000000080000000, 0x0000000100000000)
  region size 1024K, 2 young (2048K), 2 survivors (2048K)
 Metaspace       used 95900K, capacity 98232K, committed 98652K, reserved 1134592K
  class space    used 12448K, capacity 13286K, committed 13344K, reserved 1048576K
}
Event: 23.245 GC heap before
{Heap before GC invocations=38 (full 0):
 garbage-first heap   total 196608K, used 158165K [0x0000000080000000, 0x0000000100000000)
  region size 1024K, 14 young (14336K), 2 survivors (2048K)
 Metaspace       used 96892K, capacity 99385K, committed 99676K, reserved 1136640K
  class space    used 12606K, capacity 13511K, committed 13600K, reserved 1048576K
}
Event: 23.254 GC heap after
{Heap after GC invocations=39 (full 0):
 garbage-first heap   total 196608K, used 150905K [0x0000000080000000, 0x0000000100000000)
  region size 1024K, 2 young (2048K), 2 survivors (2048K)
 Metaspace       used 96892K, capacity 99385K, committed 99676K, reserved 1136640K
  class space    used 12606K, capacity 13511K, committed 13600K, reserved 1048576K
}
Event: 23.345 GC heap before
{Heap before GC invocations=39 (full 0):
 garbage-first heap   total 196608K, used 162169K [0x0000000080000000, 0x0000000100000000)
  region size 1024K, 13 young (13312K), 2 survivors (2048K)
 Metaspace       used 96954K, capacity 99389K, committed 99676K, reserved 1136640K
  class space    used 12606K, capacity 13511K, committed 13600K, reserved 1048576K
}
Event: 23.353 GC heap after
{Heap after GC invocations=40 (full 0):
 garbage-first heap   total 196608K, used 156775K [0x0000000080000000, 0x0000000100000000)
  region size 1024K, 2 young (2048K), 2 survivors (2048K)
 Metaspace       used 96954K, capacity 99389K, committed 99676K, reserved 1136640K
  class space    used 12606K, capacity 13511K, committed 13600K, reserved 1048576K
}
Event: 23.395 GC heap before
{Heap before GC invocations=40 (full 0):
 garbage-first heap   total 196608K, used 164967K [0x0000000080000000, 0x0000000100000000)
  region size 1024K, 10 young (10240K), 2 survivors (2048K)
 Metaspace       used 96976K, capacity 99455K, committed 99676K, reserved 1136640K
  class space    used 12606K, capacity 13511K, committed 13600K, reserved 1048576K
}

