# JRE version: OpenJDK Runtime Environment (11.0.13) (build 11.0.13+0-b1751.21-8125866)
# Java VM: OpenJDK 64-Bit Server VM (11.0.13+0-b1751.21-8125866, mixed mode, tiered, compressed oops, g1 gc, windows-amd64)
Heap:
 garbage-first heap   total 187392K, used 151661K [0x0000000080000000, 0x0000000100000000)
  region size 1024K, 27 young (27648K), 2 survivors (2048K)
 Metaspace       used 126661K, capacity 131303K, committed 131408K, reserved 1163264K
  class space    used 16394K, capacity 18225K, committed 18304K, reserved 1048576K
GC Heap History (20 events):
Event: 34.738 GC heap before
{Heap before GC invocations=42 (full 0):
 garbage-first heap   total 187392K, used 131762K [0x0000000080000000, 0x0000000100000000)
  region size 1024K, 47 young (48128K), 1 survivors (1024K)
 Metaspace       used 94428K, capacity 96644K, committed 96848K, reserved 1132544K
  class space    used 11956K, capacity 12772K, committed 12928K, reserved 1048576K
}
Event: 34.746 GC heap after
{Heap after GC invocations=43 (full 0):
 garbage-first heap   total 187392K, used 89845K [0x0000000080000000, 0x0000000100000000)
  region size 1024K, 6 young (6144K), 6 survivors (6144K)
 Metaspace       used 94428K, capacity 96644K, committed 96848K, reserved 1132544K
  class space    used 11956K, capacity 12772K, committed 12928K, reserved 1048576K
}
Event: 35.392 GC heap before
{Heap before GC invocations=44 (full 0):
 garbage-first heap   total 187392K, used 136949K [0x0000000080000000, 0x0000000100000000)
  region size 1024K, 52 young (53248K), 6 survivors (6144K)
 Metaspace       used 95377K, capacity 97480K, committed 97616K, reserved 1134592K
  class space    used 12056K, capacity 12859K, committed 12928K, reserved 1048576K
}
Event: 35.398 GC heap after
{Heap after GC invocations=45 (full 0):
 garbage-first heap   total 187392K, used 90007K [0x0000000080000000, 0x0000000100000000)
  region size 1024K, 2 young (2048K), 2 survivors (2048K)
 Metaspace       used 95377K, capacity 97480K, committed 97616K, reserved 1134592K
  class space    used 12056K, capacity 12859K, committed 12928K, reserved 1048576K
}
Event: 36.924 GC heap before
{Heap before GC invocations=45 (full 0):
 garbage-first heap   total 187392K, used 141207K [0x0000000080000000, 0x0000000100000000)
  region size 1024K, 51 young (52224K), 2 survivors (2048K)
 Metaspace       used 101910K, capacity 104211K, committed 104400K, reserved 1140736K
  class space    used 12880K, capacity 13739K, committed 13824K, reserved 1048576K
}
Event: 36.931 GC heap after
{Heap after GC invocations=46 (full 0):
 garbage-first heap   total 187392K, used 98385K [0x0000000080000000, 0x0000000100000000)
  region size 1024K, 7 young (7168K), 7 survivors (7168K)
 Metaspace       used 101910K, capacity 104211K, committed 104400K, reserved 1140736K
  class space    used 12880K, capacity 13739K, committed 13824K, reserved 1048576K
}
Event: 38.641 GC heap before
{Heap before GC invocations=46 (full 0):
 garbage-first heap   total 187392K, used 143441K [0x0000000080000000, 0x0000000100000000)
  region size 1024K, 52 young (53248K), 7 survivors (7168K)
 Metaspace       used 106364K, capacity 108785K, committed 109008K, reserved 1144832K
  class space    used 13328K, capacity 14237K, committed 14336K, reserved 1048576K
}
Event: 38.648 GC heap after
{Heap after GC invocations=47 (full 0):
 garbage-first heap   total 187392K, used 97310K [0x0000000080000000, 0x0000000100000000)
  region size 1024K, 2 young (2048K), 2 survivors (2048K)
 Metaspace       used 106364K, capacity 108785K, committed 109008K, reserved 1144832K
  class space    used 13328K, capacity 14237K, committed 14336K, reserved 1048576K
}
Event: 93.469 GC heap before
{Heap before GC invocations=47 (full 0):
 garbage-first heap   total 187392K, used 144414K [0x0000000080000000, 0x0000000100000000)
  region size 1024K, 49 young (50176K), 2 survivors (2048K)
 Metaspace       used 108726K, capacity 111328K, committed 111440K, reserved 1146880K
  class space    used 13480K, capacity 14428K, committed 14464K, reserved 1048576K
}
Event: 93.475 GC heap after
{Heap after GC invocations=48 (full 0):
 garbage-first heap   total 187392K, used 101406K [0x0000000080000000, 0x0000000100000000)
  region size 1024K, 6 young (6144K), 6 survivors (6144K)
 Metaspace       used 108726K, capacity 111328K, committed 111440K, reserved 1146880K
  class space    used 13480K, capacity 14428K, committed 14464K, reserved 1048576K
}
Event: 94.791 GC heap before
{Heap before GC invocations=48 (full 0):
 garbage-first heap   total 187392K, used 148510K [0x0000000080000000, 0x0000000100000000)
  region size 1024K, 51 young (52224K), 6 survivors (6144K)
 Metaspace       used 109164K, capacity 111773K, committed 111952K, reserved 1146880K
  class space    used 13513K, capacity 14458K, committed 14464K, reserved 1048576K
}
Event: 94.801 GC heap after
{Heap after GC invocations=49 (full 0):
 garbage-first heap   total 187392K, used 105574K [0x0000000080000000, 0x0000000100000000)
  region size 1024K, 3 young (3072K), 3 survivors (3072K)
 Metaspace       used 109164K, capacity 111773K, committed 111952K, reserved 1146880K
  class space    used 13513K, capacity 14458K, committed 14464K, reserved 1048576K
}
Event: 95.583 GC heap before
{Heap before GC invocations=49 (full 0):
 garbage-first heap   total 187392K, used 152678K [0x0000000080000000, 0x0000000100000000)
  region size 1024K, 48 young (49152K), 3 survivors (3072K)
 Metaspace       used 113705K, capacity 116666K, committed 116944K, reserved 1150976K
  class space    used 14167K, capacity 15247K, committed 15360K, reserved 1048576K
}
Event: 95.593 GC heap after
{Heap after GC invocations=50 (full 0):
 garbage-first heap   total 187392K, used 109890K [0x0000000080000000, 0x0000000100000000)
  region size 1024K, 6 young (6144K), 6 survivors (6144K)
 Metaspace       used 113705K, capacity 116666K, committed 116944K, reserved 1150976K
  class space    used 14167K, capacity 15247K, committed 15360K, reserved 1048576K
}
Event: 96.180 GC heap before
{Heap before GC invocations=50 (full 0):
 garbage-first heap   total 187392K, used 150850K [0x0000000080000000, 0x0000000100000000)
  region size 1024K, 47 young (48128K), 6 survivors (6144K)
 Metaspace       used 120340K, capacity 124406K, committed 124624K, reserved 1157120K
  class space    used 15461K, capacity 17067K, committed 17152K, reserved 1048576K
}
Event: 96.190 GC heap after
{Heap after GC invocations=51 (full 0):
 garbage-first heap   total 187392K, used 114660K [0x0000000080000000, 0x0000000100000000)
  region size 1024K, 5 young (5120K), 5 survivors (5120K)
 Metaspace       used 120340K, capacity 124406K, committed 124624K, reserved 1157120K
  class space    used 15461K, capacity 17067K, committed 17152K, reserved 1048576K
}
Event: 96.738 GC heap before
{Heap before GC invocations=51 (full 0):
 garbage-first heap   total 187392K, used 153572K [0x0000000080000000, 0x0000000100000000)
  region size 1024K, 43 young (44032K), 5 survivors (5120K)
 Metaspace       used 122810K, capacity 127268K, committed 127440K, reserved 1159168K
  class space    used 15794K, capacity 17580K, committed 17664K, reserved 1048576K
}
Event: 96.743 GC heap after
{Heap after GC invocations=52 (full 0):
 garbage-first heap   total 187392K, used 114027K [0x0000000080000000, 0x0000000100000000)
  region size 1024K, 1 young (1024K), 1 survivors (1024K)
 Metaspace       used 122810K, capacity 127268K, committed 127440K, reserved 1159168K
  class space    used 15794K, capacity 17580K, committed 17664K, reserved 1048576K
}
Event: 100.279 GC heap before
{Heap before GC invocations=52 (full 0):
 garbage-first heap   total 187392K, used 154987K [0x0000000080000000, 0x0000000100000000)
  region size 1024K, 41 young (41984K), 1 survivors (1024K)
 Metaspace       used 125862K, capacity 130458K, committed 130512K, reserved 1161216K
  class space    used 16289K, capacity 18127K, committed 18176K, reserved 1048576K
}
Event: 100.282 GC heap after
{Heap after GC invocations=53 (full 0):
 garbage-first heap   total 187392K, used 114797K [0x0000000080000000, 0x0000000100000000)
  region size 1024K, 2 young (2048K), 2 survivors (2048K)
 Metaspace       used 125862K, capacity 130458K, committed 130512K, reserved 1161216K
  class space    used 16289K, capacity 18127K, committed 18176K, reserved 1048576K
}

