# JRE version: OpenJDK Runtime Environment (11.0.13) (build 11.0.13+0-b1751.21-8125866)
# Java VM: OpenJDK 64-Bit Server VM (11.0.13+0-b1751.21-8125866, mixed mode, tiered, compressed oops, g1 gc, windows-amd64)
Heap:
 garbage-first heap   total 777216K, used 210324K [0x0000000080000000, 0x0000000100000000)
  region size 1024K, 6 young (6144K), 6 survivors (6144K)
 Metaspace       used 103184K, capacity 106019K, committed 106192K, reserved 1140736K
  class space    used 13255K, capacity 14286K, committed 14336K, reserved 1048576K
GC Heap History (20 events):
Event: 43.213 GC heap after
{Heap after GC invocations=56 (full 0):
 garbage-first heap   total 139264K, used 126793K [0x0000000080000000, 0x0000000100000000)
  region size 1024K, 1 young (1024K), 1 survivors (1024K)
 Metaspace       used 97431K, capacity 99773K, committed 100048K, reserved 1136640K
  class space    used 12320K, capacity 13157K, committed 13312K, reserved 1048576K
}
Event: 43.267 GC heap before
{Heap before GC invocations=56 (full 0):
 garbage-first heap   total 139264K, used 130889K [0x0000000080000000, 0x0000000100000000)
  region size 1024K, 6 young (6144K), 1 survivors (1024K)
 Metaspace       used 97436K, capacity 99773K, committed 100048K, reserved 1136640K
  class space    used 12320K, capacity 13157K, committed 13312K, reserved 1048576K
}
Event: 43.273 GC heap after
{Heap after GC invocations=57 (full 0):
 garbage-first heap   total 139264K, used 129078K [0x0000000080000000, 0x0000000100000000)
  region size 1024K, 1 young (1024K), 1 survivors (1024K)
 Metaspace       used 97436K, capacity 99773K, committed 100048K, reserved 1136640K
  class space    used 12320K, capacity 13157K, committed 13312K, reserved 1048576K
}
Event: 43.322 GC heap before
{Heap before GC invocations=57 (full 0):
 garbage-first heap   total 139264K, used 133174K [0x0000000080000000, 0x0000000100000000)
  region size 1024K, 6 young (6144K), 1 survivors (1024K)
 Metaspace       used 97437K, capacity 99773K, committed 100048K, reserved 1136640K
  class space    used 12320K, capacity 13157K, committed 13312K, reserved 1048576K
}
Event: 43.330 GC heap after
{Heap after GC invocations=58 (full 0):
 garbage-first heap   total 167936K, used 132224K [0x0000000080000000, 0x0000000100000000)
  region size 1024K, 1 young (1024K), 1 survivors (1024K)
 Metaspace       used 97437K, capacity 99773K, committed 100048K, reserved 1136640K
  class space    used 12320K, capacity 13157K, committed 13312K, reserved 1048576K
}
Event: 43.400 GC heap before
{Heap before GC invocations=58 (full 0):
 garbage-first heap   total 167936K, used 139392K [0x0000000080000000, 0x0000000100000000)
  region size 1024K, 8 young (8192K), 1 survivors (1024K)
 Metaspace       used 97439K, capacity 99773K, committed 100048K, reserved 1136640K
  class space    used 12320K, capacity 13157K, committed 13312K, reserved 1048576K
}
Event: 43.408 GC heap after
{Heap after GC invocations=59 (full 0):
 garbage-first heap   total 167936K, used 134803K [0x0000000080000000, 0x0000000100000000)
  region size 1024K, 1 young (1024K), 1 survivors (1024K)
 Metaspace       used 97439K, capacity 99773K, committed 100048K, reserved 1136640K
  class space    used 12320K, capacity 13157K, committed 13312K, reserved 1048576K
}
Event: 43.468 GC heap before
{Heap before GC invocations=59 (full 0):
 garbage-first heap   total 167936K, used 141971K [0x0000000080000000, 0x0000000100000000)
  region size 1024K, 8 young (8192K), 1 survivors (1024K)
 Metaspace       used 97439K, capacity 99773K, committed 100048K, reserved 1136640K
  class space    used 12320K, capacity 13157K, committed 13312K, reserved 1048576K
}
Event: 43.476 GC heap after
{Heap after GC invocations=60 (full 0):
 garbage-first heap   total 167936K, used 138938K [0x0000000080000000, 0x0000000100000000)
  region size 1024K, 1 young (1024K), 1 survivors (1024K)
 Metaspace       used 97439K, capacity 99773K, committed 100048K, reserved 1136640K
  class space    used 12320K, capacity 13157K, committed 13312K, reserved 1048576K
}
Event: 43.538 GC heap before
{Heap before GC invocations=61 (full 0):
 garbage-first heap   total 167936K, used 146106K [0x0000000080000000, 0x0000000100000000)
  region size 1024K, 8 young (8192K), 1 survivors (1024K)
 Metaspace       used 97439K, capacity 99773K, committed 100048K, reserved 1136640K
  class space    used 12320K, capacity 13157K, committed 13312K, reserved 1048576K
}
Event: 43.546 GC heap after
{Heap after GC invocations=62 (full 0):
 garbage-first heap   total 167936K, used 143092K [0x0000000080000000, 0x0000000100000000)
  region size 1024K, 1 young (1024K), 1 survivors (1024K)
 Metaspace       used 97439K, capacity 99773K, committed 100048K, reserved 1136640K
  class space    used 12320K, capacity 13157K, committed 13312K, reserved 1048576K
}
Event: 43.592 GC heap before
{Heap before GC invocations=62 (full 0):
 garbage-first heap   total 167936K, used 150260K [0x0000000080000000, 0x0000000100000000)
  region size 1024K, 8 young (8192K), 1 survivors (1024K)
 Metaspace       used 97439K, capacity 99773K, committed 100048K, reserved 1136640K
  class space    used 12320K, capacity 13157K, committed 13312K, reserved 1048576K
}
Event: 43.610 GC heap after
{Heap after GC invocations=63 (full 0):
 garbage-first heap   total 335872K, used 146329K [0x0000000080000000, 0x0000000100000000)
  region size 1024K, 1 young (1024K), 1 survivors (1024K)
 Metaspace       used 97439K, capacity 99773K, committed 100048K, reserved 1136640K
  class space    used 12320K, capacity 13157K, committed 13312K, reserved 1048576K
}
Event: 44.350 GC heap before
{Heap before GC invocations=64 (full 0):
 garbage-first heap   total 335872K, used 200601K [0x0000000080000000, 0x0000000100000000)
  region size 1024K, 54 young (55296K), 1 survivors (1024K)
 Metaspace       used 99921K, capacity 102447K, committed 102608K, reserved 1138688K
  class space    used 12813K, capacity 13743K, committed 13824K, reserved 1048576K
}
Event: 44.377 GC heap after
{Heap after GC invocations=65 (full 0):
 garbage-first heap   total 335872K, used 169160K [0x0000000080000000, 0x0000000100000000)
  region size 1024K, 7 young (7168K), 7 survivors (7168K)
 Metaspace       used 99921K, capacity 102447K, committed 102608K, reserved 1138688K
  class space    used 12813K, capacity 13743K, committed 13824K, reserved 1048576K
}
Event: 44.665 GC heap before
{Heap before GC invocations=65 (full 0):
 garbage-first heap   total 335872K, used 218312K [0x0000000080000000, 0x0000000100000000)
  region size 1024K, 55 young (56320K), 7 survivors (7168K)
 Metaspace       used 99971K, capacity 102449K, committed 102608K, reserved 1138688K
  class space    used 12813K, capacity 13743K, committed 13824K, reserved 1048576K
}
Event: 44.701 GC heap after
{Heap after GC invocations=66 (full 0):
 garbage-first heap   total 335872K, used 194495K [0x0000000080000000, 0x0000000100000000)
  region size 1024K, 7 young (7168K), 7 survivors (7168K)
 Metaspace       used 99971K, capacity 102449K, committed 102608K, reserved 1138688K
  class space    used 12813K, capacity 13743K, committed 13824K, reserved 1048576K
}
Event: 46.259 GC heap before
{Heap before GC invocations=67 (full 0):
 garbage-first heap   total 335872K, used 236479K [0x0000000080000000, 0x0000000100000000)
  region size 1024K, 48 young (49152K), 7 survivors (7168K)
 Metaspace       used 102723K, capacity 105419K, committed 105552K, reserved 1140736K
  class space    used 13195K, capacity 14195K, committed 14208K, reserved 1048576K
}
Event: 46.282 GC heap after
{Heap after GC invocations=68 (full 0):
 garbage-first heap   total 335872K, used 203264K [0x0000000080000000, 0x0000000100000000)
  region size 1024K, 6 young (6144K), 6 survivors (6144K)
 Metaspace       used 102723K, capacity 105419K, committed 105552K, reserved 1140736K
  class space    used 13195K, capacity 14195K, committed 14208K, reserved 1048576K
}
Event: 47.330 GC heap before
{Heap before GC invocations=68 (full 0):
 garbage-first heap   total 335872K, used 244224K [0x0000000080000000, 0x0000000100000000)
  region size 1024K, 47 young (48128K), 6 survivors (6144K)
 Metaspace       used 103184K, capacity 106019K, committed 106192K, reserved 1140736K
  class space    used 13255K, capacity 14286K, committed 14336K, reserved 1048576K
}

