# JRE version: OpenJDK Runtime Environment (11.0.13) (build 11.0.13+0-b1751.21-8125866)
# Java VM: OpenJDK 64-Bit Server VM (11.0.13+0-b1751.21-8125866, mixed mode, tiered, compressed oops, g1 gc, windows-amd64)
Heap:
 garbage-first heap   total 299008K, used 159209K [0x0000000080000000, 0x0000000100000000)
  region size 1024K, 2 young (2048K), 2 survivors (2048K)
 Metaspace       used 97003K, capacity 99405K, committed 99612K, reserved 1134592K
  class space    used 12615K, capacity 13518K, committed 13644K, reserved 1048576K
GC Heap History (20 events):
Event: 21.691 GC heap after
{Heap after GC invocations=27 (full 0):
 garbage-first heap   total 155648K, used 105557K [0x0000000080000000, 0x0000000100000000)
  region size 1024K, 2 young (2048K), 2 survivors (2048K)
 Metaspace       used 93363K, capacity 95624K, committed 96156K, reserved 1132544K
  class space    used 11952K, capacity 12790K, committed 13004K, reserved 1048576K
}
Event: 21.793 GC heap before
{Heap before GC invocations=27 (full 0):
 garbage-first heap   total 155648K, used 150613K [0x0000000080000000, 0x0000000100000000)
  region size 1024K, 19 young (19456K), 2 survivors (2048K)
 Metaspace       used 93965K, capacity 96281K, committed 96668K, reserved 1132544K
  class space    used 12030K, capacity 12862K, committed 13004K, reserved 1048576K
}
Event: 21.798 GC heap after
{Heap after GC invocations=28 (full 0):
 garbage-first heap   total 159744K, used 121968K [0x0000000080000000, 0x0000000100000000)
  region size 1024K, 3 young (3072K), 3 survivors (3072K)
 Metaspace       used 93965K, capacity 96281K, committed 96668K, reserved 1132544K
  class space    used 12030K, capacity 12862K, committed 13004K, reserved 1048576K
}
Event: 21.997 GC heap before
{Heap before GC invocations=29 (full 0):
 garbage-first heap   total 159744K, used 131184K [0x0000000080000000, 0x0000000100000000)
  region size 1024K, 13 young (13312K), 3 survivors (3072K)
 Metaspace       used 94444K, capacity 96764K, committed 97308K, reserved 1134592K
  class space    used 12103K, capacity 12940K, committed 13132K, reserved 1048576K
}
Event: 22.005 GC heap after
{Heap after GC invocations=30 (full 0):
 garbage-first heap   total 159744K, used 125465K [0x0000000080000000, 0x0000000100000000)
  region size 1024K, 2 young (2048K), 2 survivors (2048K)
 Metaspace       used 94444K, capacity 96764K, committed 97308K, reserved 1134592K
  class space    used 12103K, capacity 12940K, committed 13132K, reserved 1048576K
}
Event: 22.050 GC heap before
{Heap before GC invocations=30 (full 0):
 garbage-first heap   total 159744K, used 134681K [0x0000000080000000, 0x0000000100000000)
  region size 1024K, 11 young (11264K), 2 survivors (2048K)
 Metaspace       used 94513K, capacity 96778K, committed 97308K, reserved 1134592K
  class space    used 12113K, capacity 12945K, committed 13132K, reserved 1048576K
}
Event: 22.060 GC heap after
{Heap after GC invocations=31 (full 0):
 garbage-first heap   total 159744K, used 129223K [0x0000000080000000, 0x0000000100000000)
  region size 1024K, 2 young (2048K), 2 survivors (2048K)
 Metaspace       used 94513K, capacity 96778K, committed 97308K, reserved 1134592K
  class space    used 12113K, capacity 12945K, committed 13132K, reserved 1048576K
}
Event: 22.113 GC heap before
{Heap before GC invocations=31 (full 0):
 garbage-first heap   total 159744K, used 135367K [0x0000000080000000, 0x0000000100000000)
  region size 1024K, 9 young (9216K), 2 survivors (2048K)
 Metaspace       used 94514K, capacity 96778K, committed 97308K, reserved 1134592K
  class space    used 12113K, capacity 12945K, committed 13132K, reserved 1048576K
}
Event: 22.120 GC heap after
{Heap after GC invocations=32 (full 0):
 garbage-first heap   total 159744K, used 132455K [0x0000000080000000, 0x0000000100000000)
  region size 1024K, 2 young (2048K), 2 survivors (2048K)
 Metaspace       used 94514K, capacity 96778K, committed 97308K, reserved 1134592K
  class space    used 12113K, capacity 12945K, committed 13132K, reserved 1048576K
}
Event: 22.148 GC heap before
{Heap before GC invocations=32 (full 0):
 garbage-first heap   total 159744K, used 137575K [0x0000000080000000, 0x0000000100000000)
  region size 1024K, 7 young (7168K), 2 survivors (2048K)
 Metaspace       used 94515K, capacity 96778K, committed 97308K, reserved 1134592K
  class space    used 12113K, capacity 12945K, committed 13132K, reserved 1048576K
}
Event: 22.154 GC heap after
{Heap after GC invocations=33 (full 0):
 garbage-first heap   total 159744K, used 134636K [0x0000000080000000, 0x0000000100000000)
  region size 1024K, 1 young (1024K), 1 survivors (1024K)
 Metaspace       used 94515K, capacity 96778K, committed 97308K, reserved 1134592K
  class space    used 12113K, capacity 12945K, committed 13132K, reserved 1048576K
}
Event: 22.200 GC heap before
{Heap before GC invocations=33 (full 0):
 garbage-first heap   total 159744K, used 141804K [0x0000000080000000, 0x0000000100000000)
  region size 1024K, 7 young (7168K), 1 survivors (1024K)
 Metaspace       used 94515K, capacity 96778K, committed 97308K, reserved 1134592K
  class space    used 12113K, capacity 12945K, committed 13132K, reserved 1048576K
}
Event: 22.209 GC heap after
{Heap after GC invocations=34 (full 0):
 garbage-first heap   total 192512K, used 138240K [0x0000000080000000, 0x0000000100000000)
  region size 1024K, 1 young (1024K), 1 survivors (1024K)
 Metaspace       used 94515K, capacity 96778K, committed 97308K, reserved 1134592K
  class space    used 12113K, capacity 12945K, committed 13132K, reserved 1048576K
}
Event: 22.462 GC heap before
{Heap before GC invocations=35 (full 0):
 garbage-first heap   total 192512K, used 152576K [0x0000000080000000, 0x0000000100000000)
  region size 1024K, 15 young (15360K), 1 survivors (1024K)
 Metaspace       used 94908K, capacity 97229K, committed 97564K, reserved 1134592K
  class space    used 12168K, capacity 12990K, committed 13132K, reserved 1048576K
}
Event: 22.473 GC heap after
{Heap after GC invocations=36 (full 0):
 garbage-first heap   total 192512K, used 145174K [0x0000000080000000, 0x0000000100000000)
  region size 1024K, 2 young (2048K), 2 survivors (2048K)
 Metaspace       used 94908K, capacity 97229K, committed 97564K, reserved 1134592K
  class space    used 12168K, capacity 12990K, committed 13132K, reserved 1048576K
}
Event: 22.701 GC heap before
{Heap before GC invocations=36 (full 0):
 garbage-first heap   total 192512K, used 157462K [0x0000000080000000, 0x0000000100000000)
  region size 1024K, 14 young (14336K), 2 survivors (2048K)
 Metaspace       used 96907K, capacity 99331K, committed 99612K, reserved 1134592K
  class space    used 12615K, capacity 13518K, committed 13644K, reserved 1048576K
}
Event: 22.711 GC heap after
{Heap after GC invocations=37 (full 0):
 garbage-first heap   total 192512K, used 149136K [0x0000000080000000, 0x0000000100000000)
  region size 1024K, 2 young (2048K), 2 survivors (2048K)
 Metaspace       used 96907K, capacity 99331K, committed 99612K, reserved 1134592K
  class space    used 12615K, capacity 13518K, committed 13644K, reserved 1048576K
}
Event: 22.809 GC heap before
{Heap before GC invocations=37 (full 0):
 garbage-first heap   total 192512K, used 160400K [0x0000000080000000, 0x0000000100000000)
  region size 1024K, 13 young (13312K), 2 survivors (2048K)
 Metaspace       used 96958K, capacity 99402K, committed 99612K, reserved 1134592K
  class space    used 12615K, capacity 13518K, committed 13644K, reserved 1048576K
}
Event: 22.817 GC heap after
{Heap after GC invocations=38 (full 0):
 garbage-first heap   total 192512K, used 154875K [0x0000000080000000, 0x0000000100000000)
  region size 1024K, 2 young (2048K), 2 survivors (2048K)
 Metaspace       used 96958K, capacity 99402K, committed 99612K, reserved 1134592K
  class space    used 12615K, capacity 13518K, committed 13644K, reserved 1048576K
}
Event: 22.876 GC heap before
{Heap before GC invocations=38 (full 0):
 garbage-first heap   total 192512K, used 163067K [0x0000000080000000, 0x0000000100000000)
  region size 1024K, 10 young (10240K), 2 survivors (2048K)
 Metaspace       used 97003K, capacity 99405K, committed 99612K, reserved 1134592K
  class space    used 12615K, capacity 13518K, committed 13644K, reserved 1048576K
}

