# JRE version: OpenJDK Runtime Environment (11.0.13) (build 11.0.13+0-b1751.21-8125866)
# Java VM: OpenJDK 64-Bit Server VM (11.0.13+0-b1751.21-8125866, mixed mode, tiered, compressed oops, g1 gc, windows-amd64)
Heap:
 garbage-first heap   total 677888K, used 195296K [0x0000000080000000, 0x0000000100000000)
  region size 1024K, 2 young (2048K), 2 survivors (2048K)
 Metaspace       used 100077K, capacity 102735K, committed 102864K, reserved 1138688K
  class space    used 12991K, capacity 13978K, committed 14080K, reserved 1048576K
GC Heap History (20 events):
Event: 27.673 GC heap after
{Heap after GC invocations=36 (full 0):
 garbage-first heap   total 155648K, used 132161K [0x0000000080000000, 0x0000000100000000)
  region size 1024K, 1 young (1024K), 1 survivors (1024K)
 Metaspace       used 94141K, capacity 96383K, committed 96976K, reserved 1132544K
  class space    used 12060K, capacity 12873K, committed 13056K, reserved 1048576K
}
Event: 27.751 GC heap before
{Heap before GC invocations=36 (full 0):
 garbage-first heap   total 155648K, used 138305K [0x0000000080000000, 0x0000000100000000)
  region size 1024K, 7 young (7168K), 1 survivors (1024K)
 Metaspace       used 94219K, capacity 96447K, committed 96976K, reserved 1132544K
  class space    used 12068K, capacity 12873K, committed 13056K, reserved 1048576K
}
Event: 27.759 GC heap after
{Heap after GC invocations=37 (full 0):
 garbage-first heap   total 155648K, used 134579K [0x0000000080000000, 0x0000000100000000)
  region size 1024K, 1 young (1024K), 1 survivors (1024K)
 Metaspace       used 94219K, capacity 96447K, committed 96976K, reserved 1132544K
  class space    used 12068K, capacity 12873K, committed 13056K, reserved 1048576K
}
Event: 27.813 GC heap before
{Heap before GC invocations=38 (full 0):
 garbage-first heap   total 155648K, used 138675K [0x0000000080000000, 0x0000000100000000)
  region size 1024K, 6 young (6144K), 1 survivors (1024K)
 Metaspace       used 94344K, capacity 96575K, committed 96976K, reserved 1132544K
  class space    used 12083K, capacity 12873K, committed 13056K, reserved 1048576K
}
Event: 27.820 GC heap after
{Heap after GC invocations=39 (full 0):
 garbage-first heap   total 187392K, used 136335K [0x0000000080000000, 0x0000000100000000)
  region size 1024K, 1 young (1024K), 1 survivors (1024K)
 Metaspace       used 94344K, capacity 96575K, committed 96976K, reserved 1132544K
  class space    used 12083K, capacity 12873K, committed 13056K, reserved 1048576K
}
Event: 27.984 GC heap before
{Heap before GC invocations=39 (full 0):
 garbage-first heap   total 187392K, used 149647K [0x0000000080000000, 0x0000000100000000)
  region size 1024K, 12 young (12288K), 1 survivors (1024K)
 Metaspace       used 94483K, capacity 96698K, committed 97232K, reserved 1134592K
  class space    used 12105K, capacity 12917K, committed 13056K, reserved 1048576K
}
Event: 27.995 GC heap after
{Heap after GC invocations=40 (full 0):
 garbage-first heap   total 187392K, used 142963K [0x0000000080000000, 0x0000000100000000)
  region size 1024K, 2 young (2048K), 2 survivors (2048K)
 Metaspace       used 94483K, capacity 96698K, committed 97232K, reserved 1134592K
  class space    used 12105K, capacity 12917K, committed 13056K, reserved 1048576K
}
Event: 28.172 GC heap before
{Heap before GC invocations=41 (full 0):
 garbage-first heap   total 187392K, used 152179K [0x0000000080000000, 0x0000000100000000)
  region size 1024K, 12 young (12288K), 2 survivors (2048K)
 Metaspace       used 94920K, capacity 97266K, committed 97616K, reserved 1134592K
  class space    used 12162K, capacity 13022K, committed 13184K, reserved 1048576K
}
Event: 28.185 GC heap after
{Heap after GC invocations=42 (full 0):
 garbage-first heap   total 187392K, used 147060K [0x0000000080000000, 0x0000000100000000)
  region size 1024K, 2 young (2048K), 2 survivors (2048K)
 Metaspace       used 94920K, capacity 97266K, committed 97616K, reserved 1134592K
  class space    used 12162K, capacity 13022K, committed 13184K, reserved 1048576K
}
Event: 28.435 GC heap before
{Heap before GC invocations=42 (full 0):
 garbage-first heap   total 187392K, used 155252K [0x0000000080000000, 0x0000000100000000)
  region size 1024K, 10 young (10240K), 2 survivors (2048K)
 Metaspace       used 96881K, capacity 99364K, committed 99536K, reserved 1134592K
  class space    used 12616K, capacity 13549K, committed 13568K, reserved 1048576K
}
Event: 28.444 GC heap after
{Heap after GC invocations=43 (full 0):
 garbage-first heap   total 187392K, used 148560K [0x0000000080000000, 0x0000000100000000)
  region size 1024K, 2 young (2048K), 2 survivors (2048K)
 Metaspace       used 96881K, capacity 99364K, committed 99536K, reserved 1134592K
  class space    used 12616K, capacity 13549K, committed 13568K, reserved 1048576K
}
Event: 28.719 GC heap before
{Heap before GC invocations=43 (full 0):
 garbage-first heap   total 187392K, used 156752K [0x0000000080000000, 0x0000000100000000)
  region size 1024K, 10 young (10240K), 2 survivors (2048K)
 Metaspace       used 97045K, capacity 99505K, committed 99536K, reserved 1134592K
  class space    used 12617K, capacity 13549K, committed 13568K, reserved 1048576K
}
Event: 28.734 GC heap after
{Heap after GC invocations=44 (full 0):
 garbage-first heap   total 338944K, used 152440K [0x0000000080000000, 0x0000000100000000)
  region size 1024K, 2 young (2048K), 2 survivors (2048K)
 Metaspace       used 97045K, capacity 99505K, committed 99536K, reserved 1134592K
  class space    used 12617K, capacity 13549K, committed 13568K, reserved 1048576K
}
Event: 29.009 GC heap before
{Heap before GC invocations=45 (full 0):
 garbage-first heap   total 338944K, used 203640K [0x0000000080000000, 0x0000000100000000)
  region size 1024K, 52 young (53248K), 2 survivors (2048K)
 Metaspace       used 97132K, capacity 99574K, committed 99792K, reserved 1136640K
  class space    used 12617K, capacity 13549K, committed 13568K, reserved 1048576K
}
Event: 29.035 GC heap after
{Heap after GC invocations=46 (full 0):
 garbage-first heap   total 338944K, used 178003K [0x0000000080000000, 0x0000000100000000)
  region size 1024K, 7 young (7168K), 7 survivors (7168K)
 Metaspace       used 97132K, capacity 99574K, committed 99792K, reserved 1136640K
  class space    used 12617K, capacity 13549K, committed 13568K, reserved 1048576K
}
Event: 29.315 GC heap before
{Heap before GC invocations=46 (full 0):
 garbage-first heap   total 338944K, used 223059K [0x0000000080000000, 0x0000000100000000)
  region size 1024K, 52 young (53248K), 7 survivors (7168K)
 Metaspace       used 97629K, capacity 100130K, committed 100432K, reserved 1136640K
  class space    used 12693K, capacity 13627K, committed 13696K, reserved 1048576K
}
Event: 29.342 GC heap after
{Heap after GC invocations=47 (full 0):
 garbage-first heap   total 338944K, used 201476K [0x0000000080000000, 0x0000000100000000)
  region size 1024K, 7 young (7168K), 7 survivors (7168K)
 Metaspace       used 97629K, capacity 100130K, committed 100432K, reserved 1136640K
  class space    used 12693K, capacity 13627K, committed 13696K, reserved 1048576K
}
Event: 30.754 GC heap before
{Heap before GC invocations=48 (full 0):
 garbage-first heap   total 338944K, used 229124K [0x0000000080000000, 0x0000000100000000)
  region size 1024K, 46 young (47104K), 7 survivors (7168K)
 Metaspace       used 99780K, capacity 102349K, committed 102480K, reserved 1138688K
  class space    used 12952K, capacity 13917K, committed 13952K, reserved 1048576K
}
Event: 30.771 GC heap after
{Heap after GC invocations=49 (full 0):
 garbage-first heap   total 338944K, used 196086K [0x0000000080000000, 0x0000000100000000)
  region size 1024K, 4 young (4096K), 4 survivors (4096K)
 Metaspace       used 99780K, capacity 102349K, committed 102480K, reserved 1138688K
  class space    used 12952K, capacity 13917K, committed 13952K, reserved 1048576K
}
Event: 31.027 GC heap before
{Heap before GC invocations=49 (full 0):
 garbage-first heap   total 338944K, used 207350K [0x0000000080000000, 0x0000000100000000)
  region size 1024K, 16 young (16384K), 4 survivors (4096K)
 Metaspace       used 100077K, capacity 102735K, committed 102864K, reserved 1138688K
  class space    used 12991K, capacity 13978K, committed 14080K, reserved 1048576K
}

