# JRE version: OpenJDK Runtime Environment (11.0.13) (build 11.0.13+0-b1751.21-8125866)
# Java VM: OpenJDK 64-Bit Server VM (11.0.13+0-b1751.21-8125866, mixed mode, tiered, compressed oops, g1 gc, windows-amd64)
Heap:
 garbage-first heap   total 129024K, used 52717K [0x0000000080000000, 0x0000000100000000)
  region size 1024K, 26 young (26624K), 3 survivors (3072K)
 Metaspace       used 47842K, capacity 49063K, committed 49308K, reserved 1091584K
  class space    used 6069K, capacity 6502K, committed 6604K, reserved 1048576K
GC Heap History (14 events):
Event: 1.026 GC heap before
{Heap before GC invocations=0 (full 0):
 garbage-first heap   total 129024K, used 29696K [0x0000000080000000, 0x0000000100000000)
  region size 1024K, 24 young (24576K), 0 survivors (0K)
 Metaspace       used 10153K, capacity 10333K, committed 10624K, reserved 1058816K
  class space    used 1047K, capacity 1108K, committed 1152K, reserved 1048576K
}
Event: 1.034 GC heap after
{Heap after GC invocations=1 (full 0):
 garbage-first heap   total 129024K, used 9371K [0x0000000080000000, 0x0000000100000000)
  region size 1024K, 3 young (3072K), 3 survivors (3072K)
 Metaspace       used 10153K, capacity 10333K, committed 10624K, reserved 1058816K
  class space    used 1047K, capacity 1108K, committed 1152K, reserved 1048576K
}
Event: 3.899 GC heap before
{Heap before GC invocations=1 (full 0):
 garbage-first heap   total 129024K, used 83099K [0x0000000080000000, 0x0000000100000000)
  region size 1024K, 75 young (76800K), 3 survivors (3072K)
 Metaspace       used 17467K, capacity 17817K, committed 18176K, reserved 1064960K
  class space    used 2023K, capacity 2179K, committed 2304K, reserved 1048576K
}
Event: 3.908 GC heap after
{Heap after GC invocations=2 (full 0):
 garbage-first heap   total 129024K, used 15715K [0x0000000080000000, 0x0000000100000000)
  region size 1024K, 10 young (10240K), 10 survivors (10240K)
 Metaspace       used 17467K, capacity 17817K, committed 18176K, reserved 1064960K
  class space    used 2023K, capacity 2179K, committed 2304K, reserved 1048576K
}
Event: 4.592 GC heap before
{Heap before GC invocations=2 (full 0):
 garbage-first heap   total 129024K, used 46435K [0x0000000080000000, 0x0000000100000000)
  region size 1024K, 42 young (43008K), 10 survivors (10240K)
 Metaspace       used 20834K, capacity 21193K, committed 21296K, reserved 1069056K
  class space    used 2532K, capacity 2688K, committed 2688K, reserved 1048576K
}
Event: 4.607 GC heap after
{Heap after GC invocations=3 (full 0):
 garbage-first heap   total 129024K, used 17397K [0x0000000080000000, 0x0000000100000000)
  region size 1024K, 2 young (2048K), 2 survivors (2048K)
 Metaspace       used 20834K, capacity 21193K, committed 21296K, reserved 1069056K
  class space    used 2532K, capacity 2688K, committed 2688K, reserved 1048576K
}
Event: 6.639 GC heap before
{Heap before GC invocations=4 (full 0):
 garbage-first heap   total 129024K, used 90101K [0x0000000080000000, 0x0000000100000000)
  region size 1024K, 73 young (74752K), 2 survivors (2048K)
 Metaspace       used 27588K, capacity 28181K, committed 28416K, reserved 1073152K
  class space    used 3597K, capacity 3814K, committed 3840K, reserved 1048576K
}
Event: 6.644 GC heap after
{Heap after GC invocations=5 (full 0):
 garbage-first heap   total 129024K, used 19592K [0x0000000080000000, 0x0000000100000000)
  region size 1024K, 4 young (4096K), 4 survivors (4096K)
 Metaspace       used 27588K, capacity 28181K, committed 28416K, reserved 1073152K
  class space    used 3597K, capacity 3814K, committed 3840K, reserved 1048576K
}
Event: 8.115 GC heap before
{Heap before GC invocations=5 (full 0):
 garbage-first heap   total 129024K, used 66696K [0x0000000080000000, 0x0000000100000000)
  region size 1024K, 51 young (52224K), 4 survivors (4096K)
 Metaspace       used 35183K, capacity 35976K, committed 36048K, reserved 1081344K
  class space    used 4523K, capacity 4840K, committed 4864K, reserved 1048576K
}
Event: 8.123 GC heap after
{Heap after GC invocations=6 (full 0):
 garbage-first heap   total 129024K, used 22706K [0x0000000080000000, 0x0000000100000000)
  region size 1024K, 7 young (7168K), 7 survivors (7168K)
 Metaspace       used 35183K, capacity 35976K, committed 36048K, reserved 1081344K
  class space    used 4523K, capacity 4840K, committed 4864K, reserved 1048576K
}
Event: 10.840 GC heap before
{Heap before GC invocations=7 (full 0):
 garbage-first heap   total 129024K, used 94386K [0x0000000080000000, 0x0000000100000000)
  region size 1024K, 75 young (76800K), 7 survivors (7168K)
 Metaspace       used 40648K, capacity 41646K, committed 41884K, reserved 1085440K
  class space    used 5129K, capacity 5486K, committed 5580K, reserved 1048576K
}
Event: 10.849 GC heap after
{Heap after GC invocations=8 (full 0):
 garbage-first heap   total 129024K, used 28320K [0x0000000080000000, 0x0000000100000000)
  region size 1024K, 9 young (9216K), 9 survivors (9216K)
 Metaspace       used 40648K, capacity 41646K, committed 41884K, reserved 1085440K
  class space    used 5129K, capacity 5486K, committed 5580K, reserved 1048576K
}
Event: 12.930 GC heap before
{Heap before GC invocations=8 (full 0):
 garbage-first heap   total 129024K, used 95904K [0x0000000080000000, 0x0000000100000000)
  region size 1024K, 75 young (76800K), 9 survivors (9216K)
 Metaspace       used 46238K, capacity 47406K, committed 47516K, reserved 1091584K
  class space    used 5868K, capacity 6268K, committed 6348K, reserved 1048576K
}
Event: 12.964 GC heap after
{Heap after GC invocations=9 (full 0):
 garbage-first heap   total 129024K, used 30189K [0x0000000080000000, 0x0000000100000000)
  region size 1024K, 3 young (3072K), 3 survivors (3072K)
 Metaspace       used 46238K, capacity 47406K, committed 47516K, reserved 1091584K
  class space    used 5868K, capacity 6268K, committed 6348K, reserved 1048576K
}

